<?xml version="1.0" encoding="UTF-8"?>
<!-- Generated by org.testng.reporters.JUnitReportReporter -->
<testsuite hostname="LAPTOP-NAVQB498" failures="0" tests="1" name="test.MonthDropDownTest" time="18.755" errors="0" timestamp="15 Oct 2022 07:02:06 GMT" skipped="0">
  <testcase classname="test.MonthDropDownTest" name="dropDownShouldHaveAllMonths" time="18.755"/>
</testsuite> <!-- test.MonthDropDownTest -->
