<?xml version="1.0" encoding="UTF-8"?>
<!-- Generated by org.testng.reporters.JUnitReportReporter -->
<testsuite hostname="LAPTOP-NAVQB498" failures="0" tests="3" name="test.CategoryAddAndMonthDropDownTest" time="48.461" errors="0" timestamp="15 Oct 2022 07:39:12 GMT" skipped="0">
  <testcase classname="test.CategoryAddAndMonthDropDownTest" name="userShouldBeAbleToAddCategory" time="25.726"/>
  <testcase classname="test.CategoryAddAndMonthDropDownTest" name="userShouldNotBeAbleToAddDuplicate" time="20.216"/>
  <testcase classname="test.CategoryAddAndMonthDropDownTest" name="dropDownShouldHaveAllMonths" time="2.519"/>
</testsuite> <!-- test.CategoryAddAndMonthDropDownTest -->
