<?xml version="1.0" encoding="UTF-8"?>
<!-- Generated by org.testng.reporters.JUnitReportReporter -->
<testsuite hostname="LAPTOP-NAVQB498" failures="0" tests="1" name="test.AddCategoryTest" time="25.499" errors="0" timestamp="15 Oct 2022 06:23:38 GMT" skipped="0">
  <testcase classname="test.AddCategoryTest" name="userShouldBeAbleToAddCategory" time="25.499"/>
</testsuite> <!-- test.AddCategoryTest -->
